mode: set
github.com/javy99/problem-solving-golang/1_arrays_and_hashing/4_group_anagrams/solution.go:10.50,11.20 1 1
github.com/javy99/problem-solving-golang/1_arrays_and_hashing/4_group_anagrams/solution.go:11.20,13.3 1 1
github.com/javy99/problem-solving-golang/1_arrays_and_hashing/4_group_anagrams/solution.go:15.2,27.27 2 1
github.com/javy99/problem-solving-golang/1_arrays_and_hashing/4_group_anagrams/solution.go:27.27,33.3 4 1
github.com/javy99/problem-solving-golang/1_arrays_and_hashing/4_group_anagrams/solution.go:35.2,36.35 2 1
github.com/javy99/problem-solving-golang/1_arrays_and_hashing/4_group_anagrams/solution.go:36.35,38.3 1 1
github.com/javy99/problem-solving-golang/1_arrays_and_hashing/4_group_anagrams/solution.go:39.2,39.15 1 1
github.com/javy99/problem-solving-golang/1_arrays_and_hashing/4_group_anagrams/solution.go:44.51,45.20 1 1
github.com/javy99/problem-solving-golang/1_arrays_and_hashing/4_group_anagrams/solution.go:45.20,47.3 1 1
github.com/javy99/problem-solving-golang/1_arrays_and_hashing/4_group_anagrams/solution.go:49.2,51.27 2 1
github.com/javy99/problem-solving-golang/1_arrays_and_hashing/4_group_anagrams/solution.go:51.27,53.28 2 1
github.com/javy99/problem-solving-golang/1_arrays_and_hashing/4_group_anagrams/solution.go:53.28,54.34 1 1
github.com/javy99/problem-solving-golang/1_arrays_and_hashing/4_group_anagrams/solution.go:54.34,56.5 1 1
github.com/javy99/problem-solving-golang/1_arrays_and_hashing/4_group_anagrams/solution.go:58.3,58.49 1 1
github.com/javy99/problem-solving-golang/1_arrays_and_hashing/4_group_anagrams/solution.go:61.2,62.35 2 1
github.com/javy99/problem-solving-golang/1_arrays_and_hashing/4_group_anagrams/solution.go:62.35,64.3 1 1
github.com/javy99/problem-solving-golang/1_arrays_and_hashing/4_group_anagrams/solution.go:65.2,65.15 1 1
github.com/javy99/problem-solving-golang/1_arrays_and_hashing/1_contains_duplicate/solution.go:7.52,8.33 1 1
github.com/javy99/problem-solving-golang/1_arrays_and_hashing/1_contains_duplicate/solution.go:8.33,9.38 1 1
github.com/javy99/problem-solving-golang/1_arrays_and_hashing/1_contains_duplicate/solution.go:9.38,10.26 1 1
github.com/javy99/problem-solving-golang/1_arrays_and_hashing/1_contains_duplicate/solution.go:10.26,12.5 1 1
github.com/javy99/problem-solving-golang/1_arrays_and_hashing/1_contains_duplicate/solution.go:15.2,15.14 1 1
github.com/javy99/problem-solving-golang/1_arrays_and_hashing/1_contains_duplicate/solution.go:20.46,22.33 2 1
github.com/javy99/problem-solving-golang/1_arrays_and_hashing/1_contains_duplicate/solution.go:22.33,23.27 1 1
github.com/javy99/problem-solving-golang/1_arrays_and_hashing/1_contains_duplicate/solution.go:23.27,25.4 1 1
github.com/javy99/problem-solving-golang/1_arrays_and_hashing/1_contains_duplicate/solution.go:27.2,27.14 1 1
github.com/javy99/problem-solving-golang/1_arrays_and_hashing/1_contains_duplicate/solution.go:32.49,34.27 2 1
github.com/javy99/problem-solving-golang/1_arrays_and_hashing/1_contains_duplicate/solution.go:34.27,35.16 1 1
github.com/javy99/problem-solving-golang/1_arrays_and_hashing/1_contains_duplicate/solution.go:35.16,37.4 1 1
github.com/javy99/problem-solving-golang/1_arrays_and_hashing/1_contains_duplicate/solution.go:38.3,38.19 1 1
github.com/javy99/problem-solving-golang/1_arrays_and_hashing/1_contains_duplicate/solution.go:40.2,40.14 1 1
github.com/javy99/problem-solving-golang/1_arrays_and_hashing/1_contains_duplicate/solution.go:45.51,47.27 2 1
github.com/javy99/problem-solving-golang/1_arrays_and_hashing/1_contains_duplicate/solution.go:47.27,48.29 1 1
github.com/javy99/problem-solving-golang/1_arrays_and_hashing/1_contains_duplicate/solution.go:48.29,50.4 1 1
github.com/javy99/problem-solving-golang/1_arrays_and_hashing/1_contains_duplicate/solution.go:51.3,51.25 1 1
github.com/javy99/problem-solving-golang/1_arrays_and_hashing/1_contains_duplicate/solution.go:53.2,53.14 1 1
github.com/javy99/problem-solving-golang/1_arrays_and_hashing/1_contains_duplicate/solution.go:58.50,60.27 2 1
github.com/javy99/problem-solving-golang/1_arrays_and_hashing/1_contains_duplicate/solution.go:60.27,62.22 2 1
github.com/javy99/problem-solving-golang/1_arrays_and_hashing/1_contains_duplicate/solution.go:62.22,64.4 1 1
github.com/javy99/problem-solving-golang/1_arrays_and_hashing/1_contains_duplicate/solution.go:66.2,66.14 1 1
github.com/javy99/problem-solving-golang/1_arrays_and_hashing/5_top_k_frequent_elements/solution.go:10.48,12.27 2 1
github.com/javy99/problem-solving-golang/1_arrays_and_hashing/5_top_k_frequent_elements/solution.go:12.27,14.3 1 1
github.com/javy99/problem-solving-golang/1_arrays_and_hashing/5_top_k_frequent_elements/solution.go:16.2,22.33 3 1
github.com/javy99/problem-solving-golang/1_arrays_and_hashing/5_top_k_frequent_elements/solution.go:22.33,24.3 1 1
github.com/javy99/problem-solving-golang/1_arrays_and_hashing/5_top_k_frequent_elements/solution.go:26.2,26.40 1 1
github.com/javy99/problem-solving-golang/1_arrays_and_hashing/5_top_k_frequent_elements/solution.go:26.40,28.3 1 1
github.com/javy99/problem-solving-golang/1_arrays_and_hashing/5_top_k_frequent_elements/solution.go:30.2,31.25 2 1
github.com/javy99/problem-solving-golang/1_arrays_and_hashing/5_top_k_frequent_elements/solution.go:31.25,33.3 1 1
github.com/javy99/problem-solving-golang/1_arrays_and_hashing/5_top_k_frequent_elements/solution.go:34.2,34.15 1 1
github.com/javy99/problem-solving-golang/1_arrays_and_hashing/5_top_k_frequent_elements/solution.go:44.39,44.56 1 1
github.com/javy99/problem-solving-golang/1_arrays_and_hashing/5_top_k_frequent_elements/solution.go:45.39,45.71 1 1
github.com/javy99/problem-solving-golang/1_arrays_and_hashing/5_top_k_frequent_elements/solution.go:46.39,46.66 1 1
github.com/javy99/problem-solving-golang/1_arrays_and_hashing/5_top_k_frequent_elements/solution.go:47.39,47.72 1 1
github.com/javy99/problem-solving-golang/1_arrays_and_hashing/5_top_k_frequent_elements/solution.go:48.37,54.2 5 1
github.com/javy99/problem-solving-golang/1_arrays_and_hashing/5_top_k_frequent_elements/solution.go:58.48,60.27 2 1
github.com/javy99/problem-solving-golang/1_arrays_and_hashing/5_top_k_frequent_elements/solution.go:60.27,62.3 1 1
github.com/javy99/problem-solving-golang/1_arrays_and_hashing/5_top_k_frequent_elements/solution.go:64.2,67.33 3 1
github.com/javy99/problem-solving-golang/1_arrays_and_hashing/5_top_k_frequent_elements/solution.go:67.33,69.18 2 1
github.com/javy99/problem-solving-golang/1_arrays_and_hashing/5_top_k_frequent_elements/solution.go:69.18,71.4 1 1
github.com/javy99/problem-solving-golang/1_arrays_and_hashing/5_top_k_frequent_elements/solution.go:74.2,75.18 2 1
github.com/javy99/problem-solving-golang/1_arrays_and_hashing/5_top_k_frequent_elements/solution.go:75.18,77.3 1 1
github.com/javy99/problem-solving-golang/1_arrays_and_hashing/5_top_k_frequent_elements/solution.go:78.2,78.15 1 1
github.com/javy99/problem-solving-golang/1_arrays_and_hashing/5_top_k_frequent_elements/solution.go:83.50,85.27 2 1
github.com/javy99/problem-solving-golang/1_arrays_and_hashing/5_top_k_frequent_elements/solution.go:85.27,87.3 1 1
github.com/javy99/problem-solving-golang/1_arrays_and_hashing/5_top_k_frequent_elements/solution.go:90.2,91.33 2 1
github.com/javy99/problem-solving-golang/1_arrays_and_hashing/5_top_k_frequent_elements/solution.go:91.33,93.3 1 1
github.com/javy99/problem-solving-golang/1_arrays_and_hashing/5_top_k_frequent_elements/solution.go:95.2,96.60 2 1
github.com/javy99/problem-solving-golang/1_arrays_and_hashing/5_top_k_frequent_elements/solution.go:96.60,98.3 1 1
github.com/javy99/problem-solving-golang/1_arrays_and_hashing/5_top_k_frequent_elements/solution.go:99.2,99.19 1 1
github.com/javy99/problem-solving-golang/1_arrays_and_hashing/2_valid_anagram/solution.go:10.38,11.22 1 1
github.com/javy99/problem-solving-golang/1_arrays_and_hashing/2_valid_anagram/solution.go:11.22,13.3 1 1
github.com/javy99/problem-solving-golang/1_arrays_and_hashing/2_valid_anagram/solution.go:15.2,21.57 5 1
github.com/javy99/problem-solving-golang/1_arrays_and_hashing/2_valid_anagram/solution.go:26.37,27.22 1 1
github.com/javy99/problem-solving-golang/1_arrays_and_hashing/2_valid_anagram/solution.go:27.22,29.3 1 1
github.com/javy99/problem-solving-golang/1_arrays_and_hashing/2_valid_anagram/solution.go:31.2,32.22 2 1
github.com/javy99/problem-solving-golang/1_arrays_and_hashing/2_valid_anagram/solution.go:32.22,34.3 1 1
github.com/javy99/problem-solving-golang/1_arrays_and_hashing/2_valid_anagram/solution.go:35.2,35.22 1 1
github.com/javy99/problem-solving-golang/1_arrays_and_hashing/2_valid_anagram/solution.go:35.22,37.20 2 1
github.com/javy99/problem-solving-golang/1_arrays_and_hashing/2_valid_anagram/solution.go:37.20,39.4 1 1
github.com/javy99/problem-solving-golang/1_arrays_and_hashing/2_valid_anagram/solution.go:41.2,41.13 1 1
github.com/javy99/problem-solving-golang/1_arrays_and_hashing/2_valid_anagram/solution.go:46.39,47.22 1 1
github.com/javy99/problem-solving-golang/1_arrays_and_hashing/2_valid_anagram/solution.go:47.22,49.3 1 1
github.com/javy99/problem-solving-golang/1_arrays_and_hashing/2_valid_anagram/solution.go:51.2,53.30 2 1
github.com/javy99/problem-solving-golang/1_arrays_and_hashing/2_valid_anagram/solution.go:53.30,55.59 1 1
github.com/javy99/problem-solving-golang/1_arrays_and_hashing/2_valid_anagram/solution.go:55.59,57.4 1 1
github.com/javy99/problem-solving-golang/1_arrays_and_hashing/2_valid_anagram/solution.go:59.3,60.21 2 1
github.com/javy99/problem-solving-golang/1_arrays_and_hashing/2_valid_anagram/solution.go:63.2,63.27 1 1
github.com/javy99/problem-solving-golang/1_arrays_and_hashing/2_valid_anagram/solution.go:63.27,64.13 1 1
github.com/javy99/problem-solving-golang/1_arrays_and_hashing/2_valid_anagram/solution.go:64.13,66.4 1 1
github.com/javy99/problem-solving-golang/1_arrays_and_hashing/2_valid_anagram/solution.go:68.2,68.13 1 1
github.com/javy99/problem-solving-golang/1_arrays_and_hashing/3_two_sum/solution.go:7.53,8.33 1 1
github.com/javy99/problem-solving-golang/1_arrays_and_hashing/3_two_sum/solution.go:8.33,9.38 1 1
github.com/javy99/problem-solving-golang/1_arrays_and_hashing/3_two_sum/solution.go:9.38,10.33 1 1
github.com/javy99/problem-solving-golang/1_arrays_and_hashing/3_two_sum/solution.go:10.33,12.5 1 1
github.com/javy99/problem-solving-golang/1_arrays_and_hashing/3_two_sum/solution.go:15.2,15.12 1 1
github.com/javy99/problem-solving-golang/1_arrays_and_hashing/3_two_sum/solution.go:25.47,27.25 2 1
github.com/javy99/problem-solving-golang/1_arrays_and_hashing/3_two_sum/solution.go:27.25,29.3 1 1
github.com/javy99/problem-solving-golang/1_arrays_and_hashing/3_two_sum/solution.go:30.2,30.40 1 1
github.com/javy99/problem-solving-golang/1_arrays_and_hashing/3_two_sum/solution.go:30.40,32.3 1 1
github.com/javy99/problem-solving-golang/1_arrays_and_hashing/3_two_sum/solution.go:34.2,35.19 2 1
github.com/javy99/problem-solving-golang/1_arrays_and_hashing/3_two_sum/solution.go:35.19,37.20 2 1
github.com/javy99/problem-solving-golang/1_arrays_and_hashing/3_two_sum/solution.go:37.20,39.4 1 1
github.com/javy99/problem-solving-golang/1_arrays_and_hashing/3_two_sum/solution.go:39.9,39.26 1 1
github.com/javy99/problem-solving-golang/1_arrays_and_hashing/3_two_sum/solution.go:39.26,41.4 1 1
github.com/javy99/problem-solving-golang/1_arrays_and_hashing/3_two_sum/solution.go:41.9,43.4 1 1
github.com/javy99/problem-solving-golang/1_arrays_and_hashing/3_two_sum/solution.go:45.2,45.12 1 1
github.com/javy99/problem-solving-golang/1_arrays_and_hashing/3_two_sum/solution.go:50.53,53.27 2 1
github.com/javy99/problem-solving-golang/1_arrays_and_hashing/3_two_sum/solution.go:53.27,55.3 1 1
github.com/javy99/problem-solving-golang/1_arrays_and_hashing/3_two_sum/solution.go:58.2,58.27 1 1
github.com/javy99/problem-solving-golang/1_arrays_and_hashing/3_two_sum/solution.go:58.27,60.43 2 1
github.com/javy99/problem-solving-golang/1_arrays_and_hashing/3_two_sum/solution.go:60.43,62.4 1 1
github.com/javy99/problem-solving-golang/1_arrays_and_hashing/3_two_sum/solution.go:64.2,64.12 1 1
github.com/javy99/problem-solving-golang/1_arrays_and_hashing/3_two_sum/solution.go:69.53,71.27 2 1
github.com/javy99/problem-solving-golang/1_arrays_and_hashing/3_two_sum/solution.go:71.27,73.33 2 1
github.com/javy99/problem-solving-golang/1_arrays_and_hashing/3_two_sum/solution.go:73.33,75.4 1 1
github.com/javy99/problem-solving-golang/1_arrays_and_hashing/3_two_sum/solution.go:76.3,76.13 1 1
github.com/javy99/problem-solving-golang/1_arrays_and_hashing/3_two_sum/solution.go:78.2,78.12 1 1
github.com/javy99/problem-solving-golang/1_arrays_and_hashing/6_encode_and_decode_strings/solution.go:10.35,12.27 2 1
github.com/javy99/problem-solving-golang/1_arrays_and_hashing/6_encode_and_decode_strings/solution.go:12.27,16.3 3 1
github.com/javy99/problem-solving-golang/1_arrays_and_hashing/6_encode_and_decode_strings/solution.go:17.2,17.20 1 1
github.com/javy99/problem-solving-golang/1_arrays_and_hashing/6_encode_and_decode_strings/solution.go:22.32,23.17 1 1
github.com/javy99/problem-solving-golang/1_arrays_and_hashing/6_encode_and_decode_strings/solution.go:23.17,25.3 1 1
github.com/javy99/problem-solving-golang/1_arrays_and_hashing/6_encode_and_decode_strings/solution.go:26.2,28.17 3 1
github.com/javy99/problem-solving-golang/1_arrays_and_hashing/6_encode_and_decode_strings/solution.go:28.17,30.19 2 1
github.com/javy99/problem-solving-golang/1_arrays_and_hashing/6_encode_and_decode_strings/solution.go:30.19,32.4 1 1
github.com/javy99/problem-solving-golang/1_arrays_and_hashing/6_encode_and_decode_strings/solution.go:33.3,37.17 5 1
github.com/javy99/problem-solving-golang/1_arrays_and_hashing/6_encode_and_decode_strings/solution.go:39.2,39.15 1 1
github.com/javy99/problem-solving-golang/1_arrays_and_hashing/7_product_of_array_except_self/solution.go:5.52,9.25 3 1
github.com/javy99/problem-solving-golang/1_arrays_and_hashing/7_product_of_array_except_self/solution.go:9.25,11.26 2 1
github.com/javy99/problem-solving-golang/1_arrays_and_hashing/7_product_of_array_except_self/solution.go:11.26,12.14 1 1
github.com/javy99/problem-solving-golang/1_arrays_and_hashing/7_product_of_array_except_self/solution.go:12.14,14.5 1 1
github.com/javy99/problem-solving-golang/1_arrays_and_hashing/7_product_of_array_except_self/solution.go:16.3,16.22 1 1
github.com/javy99/problem-solving-golang/1_arrays_and_hashing/7_product_of_array_except_self/solution.go:18.2,18.15 1 1
github.com/javy99/problem-solving-golang/1_arrays_and_hashing/7_product_of_array_except_self/solution.go:23.50,30.27 5 1
github.com/javy99/problem-solving-golang/1_arrays_and_hashing/7_product_of_array_except_self/solution.go:30.27,31.15 1 1
github.com/javy99/problem-solving-golang/1_arrays_and_hashing/7_product_of_array_except_self/solution.go:31.15,33.4 1 1
github.com/javy99/problem-solving-golang/1_arrays_and_hashing/7_product_of_array_except_self/solution.go:33.9,35.4 1 1
github.com/javy99/problem-solving-golang/1_arrays_and_hashing/7_product_of_array_except_self/solution.go:38.2,38.27 1 1
github.com/javy99/problem-solving-golang/1_arrays_and_hashing/7_product_of_array_except_self/solution.go:38.27,39.20 1 1
github.com/javy99/problem-solving-golang/1_arrays_and_hashing/7_product_of_array_except_self/solution.go:39.20,41.4 1 1
github.com/javy99/problem-solving-golang/1_arrays_and_hashing/7_product_of_array_except_self/solution.go:41.9,41.28 1 1
github.com/javy99/problem-solving-golang/1_arrays_and_hashing/7_product_of_array_except_self/solution.go:41.28,42.16 1 1
github.com/javy99/problem-solving-golang/1_arrays_and_hashing/7_product_of_array_except_self/solution.go:42.16,44.5 1 1
github.com/javy99/problem-solving-golang/1_arrays_and_hashing/7_product_of_array_except_self/solution.go:44.10,46.5 1 1
github.com/javy99/problem-solving-golang/1_arrays_and_hashing/7_product_of_array_except_self/solution.go:47.9,49.4 1 1
github.com/javy99/problem-solving-golang/1_arrays_and_hashing/7_product_of_array_except_self/solution.go:51.2,51.15 1 1
github.com/javy99/problem-solving-golang/1_arrays_and_hashing/7_product_of_array_except_self/solution.go:56.54,63.25 6 1
github.com/javy99/problem-solving-golang/1_arrays_and_hashing/7_product_of_array_except_self/solution.go:63.25,65.3 1 1
github.com/javy99/problem-solving-golang/1_arrays_and_hashing/7_product_of_array_except_self/solution.go:67.2,68.30 2 1
github.com/javy99/problem-solving-golang/1_arrays_and_hashing/7_product_of_array_except_self/solution.go:68.30,70.3 1 1
github.com/javy99/problem-solving-golang/1_arrays_and_hashing/7_product_of_array_except_self/solution.go:72.2,72.25 1 1
github.com/javy99/problem-solving-golang/1_arrays_and_hashing/7_product_of_array_except_self/solution.go:72.25,74.3 1 1
github.com/javy99/problem-solving-golang/1_arrays_and_hashing/7_product_of_array_except_self/solution.go:75.2,75.15 1 1
github.com/javy99/problem-solving-golang/1_arrays_and_hashing/7_product_of_array_except_self/solution.go:80.61,86.25 4 1
github.com/javy99/problem-solving-golang/1_arrays_and_hashing/7_product_of_array_except_self/solution.go:86.25,88.3 1 1
github.com/javy99/problem-solving-golang/1_arrays_and_hashing/7_product_of_array_except_self/solution.go:91.2,92.30 2 1
github.com/javy99/problem-solving-golang/1_arrays_and_hashing/7_product_of_array_except_self/solution.go:92.30,95.3 2 1
github.com/javy99/problem-solving-golang/1_arrays_and_hashing/7_product_of_array_except_self/solution.go:97.2,97.12 1 1
github.com/javy99/problem-solving-golang/1_arrays_and_hashing/8_valid_sudoku/solution.go:5.51,6.34 1 1
github.com/javy99/problem-solving-golang/1_arrays_and_hashing/8_valid_sudoku/solution.go:6.34,8.27 2 1
github.com/javy99/problem-solving-golang/1_arrays_and_hashing/8_valid_sudoku/solution.go:8.27,9.17 1 1
github.com/javy99/problem-solving-golang/1_arrays_and_hashing/8_valid_sudoku/solution.go:9.17,11.23 2 1
github.com/javy99/problem-solving-golang/1_arrays_and_hashing/8_valid_sudoku/solution.go:11.23,13.6 1 1
github.com/javy99/problem-solving-golang/1_arrays_and_hashing/8_valid_sudoku/solution.go:14.5,14.17 1 1
github.com/javy99/problem-solving-golang/1_arrays_and_hashing/8_valid_sudoku/solution.go:17.3,17.14 1 1
github.com/javy99/problem-solving-golang/1_arrays_and_hashing/8_valid_sudoku/solution.go:21.2,21.25 1 1
github.com/javy99/problem-solving-golang/1_arrays_and_hashing/8_valid_sudoku/solution.go:21.25,22.23 1 1
github.com/javy99/problem-solving-golang/1_arrays_and_hashing/8_valid_sudoku/solution.go:22.23,24.4 1 1
github.com/javy99/problem-solving-golang/1_arrays_and_hashing/8_valid_sudoku/solution.go:28.2,28.25 1 1
github.com/javy99/problem-solving-golang/1_arrays_and_hashing/8_valid_sudoku/solution.go:28.25,30.26 2 1
github.com/javy99/problem-solving-golang/1_arrays_and_hashing/8_valid_sudoku/solution.go:30.26,32.4 1 1
github.com/javy99/problem-solving-golang/1_arrays_and_hashing/8_valid_sudoku/solution.go:33.3,33.18 1 1
github.com/javy99/problem-solving-golang/1_arrays_and_hashing/8_valid_sudoku/solution.go:33.18,35.4 1 1
github.com/javy99/problem-solving-golang/1_arrays_and_hashing/8_valid_sudoku/solution.go:39.2,39.40 1 1
github.com/javy99/problem-solving-golang/1_arrays_and_hashing/8_valid_sudoku/solution.go:39.40,40.41 1 1
github.com/javy99/problem-solving-golang/1_arrays_and_hashing/8_valid_sudoku/solution.go:40.41,42.27 2 1
github.com/javy99/problem-solving-golang/1_arrays_and_hashing/8_valid_sudoku/solution.go:42.27,43.28 1 1
github.com/javy99/problem-solving-golang/1_arrays_and_hashing/8_valid_sudoku/solution.go:43.28,45.6 1 1
github.com/javy99/problem-solving-golang/1_arrays_and_hashing/8_valid_sudoku/solution.go:47.4,47.19 1 1
github.com/javy99/problem-solving-golang/1_arrays_and_hashing/8_valid_sudoku/solution.go:47.19,49.5 1 0
github.com/javy99/problem-solving-golang/1_arrays_and_hashing/8_valid_sudoku/solution.go:52.2,52.13 1 1
github.com/javy99/problem-solving-golang/1_arrays_and_hashing/8_valid_sudoku/solution.go:57.48,62.22 4 1
github.com/javy99/problem-solving-golang/1_arrays_and_hashing/8_valid_sudoku/solution.go:62.22,66.3 3 1
github.com/javy99/problem-solving-golang/1_arrays_and_hashing/8_valid_sudoku/solution.go:68.2,68.25 1 1
github.com/javy99/problem-solving-golang/1_arrays_and_hashing/8_valid_sudoku/solution.go:68.25,69.26 1 1
github.com/javy99/problem-solving-golang/1_arrays_and_hashing/8_valid_sudoku/solution.go:69.26,71.18 2 1
github.com/javy99/problem-solving-golang/1_arrays_and_hashing/8_valid_sudoku/solution.go:71.18,72.13 1 1
github.com/javy99/problem-solving-golang/1_arrays_and_hashing/8_valid_sudoku/solution.go:74.4,76.58 2 1
github.com/javy99/problem-solving-golang/1_arrays_and_hashing/8_valid_sudoku/solution.go:76.58,78.5 1 1
github.com/javy99/problem-solving-golang/1_arrays_and_hashing/8_valid_sudoku/solution.go:79.4,81.29 3 1
github.com/javy99/problem-solving-golang/1_arrays_and_hashing/8_valid_sudoku/solution.go:84.2,84.13 1 1
github.com/javy99/problem-solving-golang/1_arrays_and_hashing/8_valid_sudoku/solution.go:89.48,92.25 2 1
github.com/javy99/problem-solving-golang/1_arrays_and_hashing/8_valid_sudoku/solution.go:92.25,93.26 1 1
github.com/javy99/problem-solving-golang/1_arrays_and_hashing/8_valid_sudoku/solution.go:93.26,95.18 2 1
github.com/javy99/problem-solving-golang/1_arrays_and_hashing/8_valid_sudoku/solution.go:95.18,96.13 1 1
github.com/javy99/problem-solving-golang/1_arrays_and_hashing/8_valid_sudoku/solution.go:98.4,101.76 3 1
github.com/javy99/problem-solving-golang/1_arrays_and_hashing/8_valid_sudoku/solution.go:101.76,103.5 1 1
github.com/javy99/problem-solving-golang/1_arrays_and_hashing/8_valid_sudoku/solution.go:105.4,107.24 3 1
github.com/javy99/problem-solving-golang/1_arrays_and_hashing/8_valid_sudoku/solution.go:110.2,110.13 1 1
