mode: set
github.com/javy99/problem-solving-golang/main/hello.go:3.21,5.2 1 1
github.com/javy99/problem-solving-golang/1_arrays_and_hashing/1_contains_duplicate/solution.go:7.52,8.33 1 1
github.com/javy99/problem-solving-golang/1_arrays_and_hashing/1_contains_duplicate/solution.go:8.33,9.38 1 1
github.com/javy99/problem-solving-golang/1_arrays_and_hashing/1_contains_duplicate/solution.go:9.38,10.26 1 1
github.com/javy99/problem-solving-golang/1_arrays_and_hashing/1_contains_duplicate/solution.go:10.26,12.5 1 1
github.com/javy99/problem-solving-golang/1_arrays_and_hashing/1_contains_duplicate/solution.go:15.2,15.14 1 1
github.com/javy99/problem-solving-golang/1_arrays_and_hashing/1_contains_duplicate/solution.go:20.48,22.33 2 1
github.com/javy99/problem-solving-golang/1_arrays_and_hashing/1_contains_duplicate/solution.go:22.33,23.27 1 1
github.com/javy99/problem-solving-golang/1_arrays_and_hashing/1_contains_duplicate/solution.go:23.27,25.4 1 1
github.com/javy99/problem-solving-golang/1_arrays_and_hashing/1_contains_duplicate/solution.go:27.2,27.14 1 1
github.com/javy99/problem-solving-golang/1_arrays_and_hashing/1_contains_duplicate/solution.go:32.49,34.27 2 1
github.com/javy99/problem-solving-golang/1_arrays_and_hashing/1_contains_duplicate/solution.go:34.27,35.16 1 1
github.com/javy99/problem-solving-golang/1_arrays_and_hashing/1_contains_duplicate/solution.go:35.16,37.4 1 1
github.com/javy99/problem-solving-golang/1_arrays_and_hashing/1_contains_duplicate/solution.go:38.3,38.19 1 1
github.com/javy99/problem-solving-golang/1_arrays_and_hashing/1_contains_duplicate/solution.go:40.2,40.14 1 1
github.com/javy99/problem-solving-golang/1_arrays_and_hashing/1_contains_duplicate/solution.go:45.51,47.27 2 1
github.com/javy99/problem-solving-golang/1_arrays_and_hashing/1_contains_duplicate/solution.go:47.27,48.29 1 1
github.com/javy99/problem-solving-golang/1_arrays_and_hashing/1_contains_duplicate/solution.go:48.29,50.4 1 1
github.com/javy99/problem-solving-golang/1_arrays_and_hashing/1_contains_duplicate/solution.go:51.3,51.25 1 1
github.com/javy99/problem-solving-golang/1_arrays_and_hashing/1_contains_duplicate/solution.go:53.2,53.14 1 1
github.com/javy99/problem-solving-golang/1_arrays_and_hashing/1_contains_duplicate/solution.go:58.50,60.27 2 1
github.com/javy99/problem-solving-golang/1_arrays_and_hashing/1_contains_duplicate/solution.go:60.27,62.22 2 1
github.com/javy99/problem-solving-golang/1_arrays_and_hashing/1_contains_duplicate/solution.go:62.22,64.4 1 1
github.com/javy99/problem-solving-golang/1_arrays_and_hashing/1_contains_duplicate/solution.go:66.2,66.14 1 1
